<?xml version="1.0" encoding="UTF-8"?>
<!-- Generated by org.testng.reporters.JUnitReportReporter -->
<testsuite hostname="Romanas-Air.fios-router.home" failures="0" tests="1" name="Testcases.Test2" time="265.431" errors="0" timestamp="2024-09-12T20:00:08 EDT" skipped="0">
  <testcase classname="Testcases.Test2" name="basetest" time="265.431"/>
</testsuite> <!-- Testcases.Test2 -->
