<?xml version="1.0" encoding="UTF-8"?>
<!-- Generated by org.testng.reporters.JUnitReportReporter -->
<testsuite hostname="Romanas-Air.fios-router.home" failures="0" tests="1" name="Testcases.Tdtest" time="124.619" errors="0" timestamp="2024-09-09T20:25:01 EDT" skipped="0">
  <testcase classname="Testcases.Tdtest" name="basetest" time="124.619"/>
</testsuite> <!-- Testcases.Tdtest -->
